car
luxury
vehiclea
manual
available
southern
california
area
honda
civic
suited
civic
owner
connectivity
mobile
devices
love
crash
tests
buying
new
car
option
gps
system
stereo
compartments
store
change
little
things
civic
seemed
ac
vents
rear
passengers
styling
new
generation
front
lights
front
styling
height
front
lights
6-cylinder
engine
tsx
base
option
hp
engine
make
statement
performance
engine
ratings
performance
comfort
fuel economy
fun 
drive
interior 
design
exterior
build 
quality
reliability"
commuter
recently
purchased
ilx
tech
pkg
acura
prior
purchasing
car
v6
acceleration
reviews
hp
car
highway
passing
cars
interior
rear
leg
room
excellent
considering
compact
car
commuter
premium
sound
system
absolutely
put
aux
audio
highest
quality
sound
bit
sounds
like
dvd-audio
disc
surround
sound
option
real
treat
navigation
back-up
camera
proximity
key
wonderful
bluetooth
functional
safe
old
system
navigation
road
noise
some
surfaces
tires
seats
power
passenger
seat
standard
luxury
cars
led
tail
lights
white
license
plate
luxury
car
makers
switched
automotive
ilx
base
auto
hp
engine
cruise
running
high
altitude
climbing
fairly
steep
grades,
speed
quick
sec
0-60
engine
broken
economical.
averaging
mpg
miles
mixed
driving
minor
standard
heated
seats
rear-backup
camera,
alloys
deadening
noise
reduction
fit
car
drive
stereo
vision
peering
belt
slits
economical
drive
comfortable
adjustment
thicker
performance
great
value
ilx
engine
responsive
shifting
smooth
interior
wrapped
steering
car
job
reviewers
complain
ilx
accord
subaru
compact
zippy
upscale
leather
steering
wheel
seats
handling
keyless
entry
push
button
start
sound
system
mpg
tighter
steering
road
noise
