Chief Executive Officer
CEO
Chairman
EVP
Member, Board of Directors
Chairman, Dean's Advisory Board
Member, Board of Trustees
CFO
EVP, Finance
Member
Certified Public Accountant
Ensign Professor of Medicine
Professor of Internal Medicine
Dean
Member, Scientific Advisory Board
President
President & CEO
CFO & Corporate SVP
Academic posts
Partner
Interim Chairman & CEO
COO
CEO & Chairman, Executive Board
Member, Executive Board
President & COO
EVP, Marine Systems
SVP, Planning & Development, Marine Systems
Special Assistant
Chairman, Board of Trustees
Chairman, President & CEO
President, Corn Refining Division
Non-executive Chairman of the Board
Vice Chairman
Interim Chairman
Chairman & CEO
Chairman and CEO 
Vice Chairman and CEO-Elect
Group President
VP, Engine Products Division
VP and CFO
MD and Vice General Manager
Regional Finance Manager and District Manager
Senior Finance Representative 
Executive Director
CEO 
Director
President and CEO
Corporate Audit Staff 
Managing Partner, Co-founder & Member, Board of Directors
Managing Partner 
Co-Head, Global Mergers and Acquisitions
VP, Merger and Acquisition Group 
Managing Principal 
Interim CEO and President 
Non-Executive Chairman
General Partner
Vice Chairman 
Chairman 
Regional Director, Central Region
VP, Financial Management and Chief Financial Risk Officer
VP and Treasurer 
SVP, Finance & Administration and CFO
Corporate SVP and Director, Business Strategy and IT
SVP and General Manager
US Ambassador to China
Governor of Utah
President and Managing General Partner 
Member, Supervisory Board
Non-Executive Director 
President and CEO, Defense, Space & Security
President, Global Services & Support
VP and General Manager, Boeing Combat Systems Division
VP and Program Manager, Boeing Future Combat Systems
Employee
Treasurer
Executive Chairman 
Joined Financial Services
Senior Non-Executive Director 
Private Sectretary and Advisor on Foreign Affairs and Defense 
Member, British Diplomatic Service
Chairman, President and CEO
President and CEO 
President & Trustee
Professor
Strategic Advisor
US Trade Representative 
Deputy US Trade Representative
Dean of School of Public Affairs 
Director, Corporate Business Development 
Assistant Secretary of Commerce
Chairman and Managing Partner 
President 
Management Consultant
CEO & Manging Director
Chairman of the Board
VP, Legal & Corporate Development & CFO
VP, Finance & CFO
Director of Coporate Development
Tax Specialist
Finance Manager
Audit Manager
Staff Accountant and Manager
Head of the China Office 
EVP, Business Development
Head of the Asia Operations 
Manager, Product Development
Chief Talent Officer 
SVP, Corporate Human Resources
Group VP, Human Resources
Manager
Head of Human Resources, Packaging Division
Head of Corporate Human Resources
EVP and CFO, North America
-
SVP & CFO
SVP, Labels, North America
Group VP and CFO
General Manager
VP, Financial Reporting and Control 
Client Service Partner
Director of the UAW Strategic Research Department
Consultant
Special Consultant
Independent economic consultant
Portfolio Manager and Senior VP, Director of European Research
Vice Provost
Provost
Assistant Dean
EVP and Chief Corporate Officer
Secretary & General Counsel
VP and Deputy General Counsel
Office of General Counsel
CEO and Chairman
Chairman and CEO
Director and Member of Executive Committee
Managing Partner
Senior Advisor
President and COO
SVP
Chairman of Lehman Brothers Private Equity Advisory Board
Non-Executive Chairman 
Managing Director
Interim CEO
Head of the Global Corporate Bank and Global Commercial Bank
Head of Brokerage and Asset Management Unit 
Head of Global Relationship Bank 
Fixed Income Sales Departmen
Controller and Chief Accounting Officer 
Head of Pharmaceuticals
CEO and Managing Director
VP
Assistant VP
Chairman, CEO and Member, Board of Directors
Elected CEO
Vice Chairman and CFO
SVP ,General Counsel and Advisor to Chairman
Co-Chairman and CEO
EVP and General Counsel
President Emerita
Member, Board of Directors 
Senior VP and CFO
VP, Finance and CFO
Controller 
Treasurer 
Associate
Head of Corporate Finance, Western Region 
Managing Director and Head of Institutional Sales, Western Region
Member, Management and Investment Committees
Interim EVP
Chairman Emeritus
Founder
Emeritus member
VP and Secretary
Member, Board of Governors 
Dean’s Advisory Council
Senior Managing Director and Chairman
Head of Investment Banking
Co-head of Mergers & Acquisitions
Chair of the Finance Committee 
Various positions, President 
Chairman, CEO
Co-CEO
Investment Advisor 
Head of Investment Banking - Americas
Corporate President
SVP of Finance and Corporate Controller
VP of contracts and pricing
Director of business management of the Space Station Electric Power System
Manager of General and Cost Accounting
Member, Governing Board
Co-Chairman
Advisory Pannel
Predecessor
Vice Chairman, Human Resources
Founding member
Worldwide Chairman
Joined
EVP and MD
MD
VP, Sales and Marketing 
Senior Executive VP
Former President of Spain 
Member 
Partner 
Founder & CEO
Presiding Director
Deputy Chairman
Co-COO
Distinguished Fellow
U.S. Secretary of Labor 
Deputy Secretary 
Director of the Peace Corps 
VP 
Banker 
Professor of Law 
General Counsel & Corporate Secretary 
Assistant Attorney General for Legal Policy 
"Non-Executive Chairman, 
Australia and New Zealand "
Lead Director 
Director & the Chief Executive 
Managing Director 
Executive VP
Office of the Chairman
Chancellor
U.S. Chairman & CEO 
Chief U.S. Liaison Officer 
Deputy White House Counsel 
Deputy Chief Operating Officer 
Chairman and CEO, International
Chairman & Chief Executive, Europe and Asia
Director 
Chairman & COO
Executive Chairman
Advisor 
Deputy COO
Acting CEO
"Former President of Colombia 
"
Senator of Colombia 
Governor of Antioquia 
Member, International Advisory Council
Distinguished Scholar 
Senior Advisor to the Chairman
SVP & Group President, Worldwide Biopharmaceutical Businesses
Country Manager
President, International Pharmaceuticals Group
EVP, Europe
Corporate VP
Senior EVP
Chief Administrative Officer
CFO & EVP
Group President, Switching Solutions Group
Controller
Jackson Professor of Clinical Medicine
Chief of Meedicine
Fellow
Member, Advisory Board
Life Trustee
VP, Investment Banking Division
COO, Corporate Finance Department
Trustee
President Emeritus
Provost & VP for Academic Affairs
President, Board of Overseers
Assistant Chancellor
Founder & Chairman
-or Emeritus
US Congressman
Investigator
Professor of Internal Medicine and Molecular Genetics
Director of the McDermott Center for Human Growth and Development
Guest Scholar
Commissioner
Assistant
Deputy Secretary
Founding Partner
Chairman of Supervisory Board
Member, Board of Overseers
Head, Global Investment Research Division
Chairman, Global Markets Institute
Chairman, Fiscal Policy Committee
EVP, Research
Chief Scientific Officer
Susan B. Ford Professor, School of Humanities and Sciences
Professor of Biological Sciences
Professor of Neurological Sciences & Neurology
Faculty Member
Fellow Member
President, EVP & CEO
EVP, Administration 
EVP, Logistics 
SVP, Logistics 
SVP, Distribution of Wal-Mart Stores Division (USA
Vice Chairman of Wal-Mart Stores USA 
Member, Board of Advisors
External Director 
EVP and CFO
EVP, Finance and Treasurer
SVP, Finance 
SVP and Controller
SVP, Finance and CFO of Wal-Mart International
CFO and VP at Wal-Mart International
Managing Director, European Memorex Consumer Product Division 
Director of Wal-Mart de Mexico S.A.
SVP, Secretary, and General Counsel 
Member, President Clinton’s Cabinet
Administrator
Founding Director 
VP, Public Finance
Founder and CEO 
Sales and Marketing Professional 
Management Consultant 
Executive Director & CEO
EVP and CFO 
EVP, CFO, and Chief Restructuring Officer 
SVP, Finance and Treasurer 
VP, Corporate Tax 
James E. Robinson Emeritus Professor
CEO and Group Managing Director
Founder & Member, Board of Directors
Member, Advisory Council
Chairman, Advisory Board
Member, Dean's Advisory Group
Director and Non-Executive Chairman 
President of the Middle and Far East 
Member, European Advisory Council
VP, Local & Maps
VP, Search Products & User Experience
Various key roles
SVP and CFO-Japan. 
SVP, Finance and Strategy 
Financial Analyst
General Partner 
Vice Chairman and COO
EVP, President and CEO
SVP, Business Development
Member, Board of Regents
SVP, Operations
Executive VP 
CEO, President & Member, Board of Directors
VP, Location & Local Services
Engineer, Designer, Product Manager & Executive
SVP, Finance & Administration & CFO
Executive Advisor
Advisor
President, Vice Chairman & CEO
President, CEO & Member, Board of Directors
Member of Worldwide Mangement Committee
Lead Technology Partner
Chairman, Nominating & Corporate Governance Committee
Member, Transaction Committee
CMO
EVP, Head of Global Advertising and Brand Management
Chairman, Audit & Finance Committee
Member, Compensation & Leadership Development Committe
Member, Americas Executive Board of Directors
President & Member, Board of Directors
Member, Nominating & Corporate Governance Committee
COO & Senior Executive VP
President, Entertainment Division
VP, Consumer Marketing
SVP, Marketing
Accounts Supervisor
Accounts Executive
VP, High Yield Sales
VP, Distressed Debt Department
Associate in Private Equity
Member, Audit & Finance Committee
EVP & CFO
CEO, Retailing Sector
Investment Banker
Chairman of the Compensation & Leadership Development Committe
SVP & Chief Information Officer
VP & Chief Information Officer
VP, Engineering
Co Founder & Chief Technology Officer
Member of the Compensation & Leadership Development Committee
Senior Analyst
Republican Nominee
Member of the Nominating & Corporate Governance Committee
Founder & Partner
Senior Director & Global Leader
Global Practice Leader, Executive Board Member, Senior Partner
Senior Partner, Board Member