acupressure
acupuncture
alexander technique
anthroposophical 
aroma
auricular
autogenic
auto-urine
autourine
ayurved
bach flower
biofeedback
cellular
chelation
chinese oriental
chiropractic
chromo
colonics
colon
colour
counseling
psycho
craniosacral
cupping
dance
movement
dentistry
dowsing
ear candling
electropathy
fasting
feldenkrais
fengshui
feng shui
flower essences
gem
helio
herbal
holistic
holotropic breathwork
homeopathy
homoeopathy
hydro
hypno
iridology
kinesiology
lightning
lymph drainage
magneto
massagetherapeutic
mickel
midwifery
childbirth
native american 
herbology
natural
naturopathic
naturopathy
network chiropractic
neuro-linguistic programming
ohashiatsu
oriental diagnosis
osteopathic
osteopathy
oxygen
perrin
physiotherapy
pyramid
healing
radiesthesia
radionics
reconstructive
prolo
reflexology
reiki
reverse
rolfing
shiatsu
sound
tibetan
transformational breathing
unani
vitamin
wellness restoration
yoga